<?xml version="1.0" encoding="UTF-8"?>
<!-- Generated by org.testng.reporters.JUnitReportReporter -->
<testsuite skipped="0" hostname="DESKTOP-R93FQ3S" name="com.study.rough.Testcase2" tests="1" failures="0" timestamp="17 Dec 2018 13:23:18 GMT" time="19.742" errors="0">
  <testcase name="doLogin" time="19.742" classname="com.study.rough.Testcase2"/>
</testsuite> <!-- com.study.rough.Testcase2 -->
