<?xml version="1.0" encoding="UTF-8"?>
<!-- Generated by org.testng.reporters.JUnitReportReporter -->
<testsuite skipped="1" hostname="DESKTOP-R93FQ3S" name="com.study.zoho.testcases.LoginTest" tests="3" failures="0" timestamp="19 Dec 2018 08:05:20 GMT" time="44.162" errors="0">
  <testcase name="loginTest" time="19.219" classname="com.study.zoho.testcases.LoginTest"/>
  <testcase name="loginTest" time="0.196" classname="com.study.zoho.testcases.LoginTest">
    <skipped/>
  </testcase> <!-- loginTest -->
  <testcase name="loginTest" time="24.747" classname="com.study.zoho.testcases.LoginTest"/>
</testsuite> <!-- com.study.zoho.testcases.LoginTest -->
