<?xml version="1.0" encoding="UTF-8"?>
<!-- Generated by org.testng.reporters.JUnitReportReporter -->
<testsuite skipped="0" hostname="DESKTOP-R93FQ3S" name="com.study.rough.Testcase1" tests="2" failures="0" timestamp="17 Dec 2018 13:23:18 GMT" time="43.765" errors="0">
  <testcase name="doLogin" time="22.091" classname="com.study.rough.Testcase1"/>
  <testcase name="doLogin" time="21.674" classname="com.study.rough.Testcase1"/>
</testsuite> <!-- com.study.rough.Testcase1 -->
